Drill report for roadrunner.kicad_pcb
Created on Sat 24 Feb 2024 02:59:40 PM CST

Copper Layer Stackup:
    =============================================================
    L1 :  F.Cu                      front
    L2 :  B.Cu                      back


Drill file 'roadrunner-PTH.drl' contains
    plated through holes:
    =============================================================
    T1  0.400mm  0.0157"  (99 holes)
    T2  0.750mm  0.0295"  (4 holes)
    T3  0.800mm  0.0315"  (48 holes)
    T4  0.813mm  0.0320"  (4 holes)
    T5  1.000mm  0.0394"  (10 holes)
    T6  1.200mm  0.0472"  (4 holes)

    Total plated holes count 169


Drill file 'roadrunner-NPTH.drl' contains
    unplated through holes:
    =============================================================
    T1  0.500mm  0.0197"  (20 holes)
    T2  0.900mm  0.0354"  (4 holes)
    T3  1.300mm  0.0512"  (34 holes)
    T4  1.800mm  0.0709"  (68 holes)
    T5  3.050mm  0.1201"  (68 holes)
    T6  3.400mm  0.1339"  (34 holes)

    Total unplated holes count 228
